<?xml version="1.0" encoding="UTF-8"?>
<!-- Generated by org.testng.reporters.JUnitReportReporter -->
<testsuite skipped="0" hostname="DESKTOP-TG9AS6C" name="testcases.auth" tests="1" failures="0" timestamp="18 Sep 2018 07:31:18 GMT" time="3.044" errors="0">
  <testcase name="erp_01" time="3.044" classname="testcases.auth"/>
</testsuite> <!-- testcases.auth -->
